<!DOCTYPE html>
	<head>
		<style>
		table { width: 100% }
		th { font: bold 10pt Tahoma; }
		td { font: normal 10pt Tahoma; }
		h1 { font: normal 11pt Tahoma; }
		</style>
	</head>
	<body>
		<h1>Tue Nov 30 09:53:37 CET 2021
		<table border="0" cellpadding="5" cellspacing="3">
			<tr align="left">
				<th style="width:10%">LogLevel</th>
				<th style="width:15%">Time</th>
				<th style="width:75%">LogMessage</th>
			</tr>
<tr>/n	<td>FINER</td>
	<td>nov. 30,2021 09:53</td>
	<td>Finnest message: Logger with SIMPLE FORMATTER</td>
</tr>
		</table>
	</body>
</html>