[09/01/2022 21:42:05 - WRITE] L'utilisateur { "id": 1, "name": "Georges", "email": "georges97@gmail.com", "age": 75 } a réalisé l'opération add sur le produit { "id": 4, "name": "P4", "expirationDate": "09/01/23", "price": 400 }
[09/01/2022 21:42:05 - WRITE] L'utilisateur { "id": 1, "name": "Georges", "email": "georges97@gmail.com", "age": 75 } a réalisé l'opération add sur le produit { "id": 5, "name": "P5", "expirationDate": "09/01/23", "price": 60 }
[09/01/2022 21:42:05 - WRITE] L'utilisateur { "id": 1, "name": "Georges", "email": "georges97@gmail.com", "age": 75 } a réalisé l'opération add sur le produit { "id": 6, "name": "P6", "expirationDate": "09/01/23", "price": 3 }
[09/01/2022 21:42:05 - WRITE] L'utilisateur { "id": 1, "name": "Georges", "email": "georges97@gmail.com", "age": 75 } a réalisé l'opération add sur le produit { "id": 7, "name": "P7", "expirationDate": "09/01/23", "price": 900 }
[09/01/2022 21:42:05 - WRITE] L'utilisateur { "id": 1, "name": "Georges", "email": "georges97@gmail.com", "age": 75 } a réalisé l'opération add sur le produit { "id": 8, "name": "P8", "expirationDate": "09/01/23", "price": 777 }
[09/01/2022 21:42:05 - WRITE] L'utilisateur { "id": 1, "name": "Georges", "email": "georges97@gmail.com", "age": 75 } a réalisé l'opération delete sur le produit 6
[09/01/2022 21:42:05 - WRITE] L'utilisateur { "id": 2, "name": "Sandrine", "email": "sand-rine@yahoo.fr", "age": 23 } a réalisé l'opération add sur le produit { "id": 9, "name": "P9", "expirationDate": "09/01/23", "price": 2499 }
[09/01/2022 21:42:05 - WRITE] L'utilisateur { "id": 2, "name": "Sandrine", "email": "sand-rine@yahoo.fr", "age": 23 } a réalisé l'opération add sur le produit { "id": 10, "name": "P10", "expirationDate": "09/01/23", "price": 1 }
[09/01/2022 21:42:05 - WRITE] L'utilisateur { "id": 2, "name": "Sandrine", "email": "sand-rine@yahoo.fr", "age": 23 } a réalisé l'opération update sur le produit { "id": 10, "name": "P10", "expirationDate": "09/01/23", "price": 2 }
[09/01/2022 21:42:05 - WRITE] L'utilisateur { "id": 2, "name": "Sandrine", "email": "sand-rine@yahoo.fr", "age": 23 } a réalisé l'opération add sur le produit { "id": 11, "name": "P11", "expirationDate": "09/01/23", "price": 14 }
[09/01/2022 21:42:05 - WRITE] L'utilisateur { "id": 2, "name": "Sandrine", "email": "sand-rine@yahoo.fr", "age": 23 } a réalisé l'opération add sur le produit { "id": 12, "name": "P12", "expirationDate": "09/01/23", "price": 570 }
[09/01/2022 21:42:05 - WRITE] L'utilisateur { "id": 2, "name": "Sandrine", "email": "sand-rine@yahoo.fr", "age": 23 } a réalisé l'opération delete sur le produit 11
[09/01/2022 21:42:05 - WRITE] L'utilisateur { "id": 2, "name": "Sandrine", "email": "sand-rine@yahoo.fr", "age": 23 } a réalisé l'opération add sur le produit { "id": 13, "name": "P13", "expirationDate": "09/01/23", "price": 68 }
[09/01/2022 21:42:05 - WRITE] L'utilisateur { "id": 2, "name": "Sandrine", "email": "sand-rine@yahoo.fr", "age": 23 } a réalisé l'opération update sur le produit { "id": 7, "name": "P7u", "expirationDate": "09/01/23", "price": 900 }
[09/01/2022 21:42:05 - WRITE] L'utilisateur { "id": 2, "name": "Sandrine", "email": "sand-rine@yahoo.fr", "age": 23 } a réalisé l'opération update sur le produit { "id": 13, "name": "P13u", "expirationDate": "09/01/23", "price": 69 }
[09/01/2022 21:42:05 - WRITE] L'utilisateur { "id": 2, "name": "Sandrine", "email": "sand-rine@yahoo.fr", "age": 23 } a réalisé l'opération delete sur le produit 5
[09/01/2022 21:42:05 - WRITE] L'utilisateur { "id": 5, "name": "Camille", "email": "camz21@orange.fr", "age": 32 } a réalisé l'opération update sur le produit { "id": 13, "name": "P13u", "expirationDate": "09/01/23", "price": 690 }
[09/01/2022 21:42:05 - WRITE] L'utilisateur { "id": 5, "name": "Camille", "email": "camz21@orange.fr", "age": 32 } a réalisé l'opération add sur le produit { "id": 14, "name": "P14", "expirationDate": "09/01/23", "price": 2 }
[09/01/2022 21:42:05 - WRITE] L'utilisateur { "id": 5, "name": "Camille", "email": "camz21@orange.fr", "age": 32 } a réalisé l'opération delete sur le produit 14
[09/01/2022 21:42:05 - WRITE] L'utilisateur { "id": 5, "name": "Camille", "email": "camz21@orange.fr", "age": 32 } a réalisé l'opération add sur le produit { "id": 15, "name": "P15", "expirationDate": "09/01/23", "price": 10 }
[09/01/2022 21:42:05 - WRITE] L'utilisateur { "id": 5, "name": "Camille", "email": "camz21@orange.fr", "age": 32 } a réalisé l'opération update sur le produit { "id": 15, "name": "P15u", "expirationDate": "09/01/23", "price": 10 }
[09/01/2022 21:42:05 - WRITE] L'utilisateur { "id": 5, "name": "Camille", "email": "camz21@orange.fr", "age": 32 } a réalisé l'opération delete sur le produit 15
